<?xml version="1.0" encoding="UTF-8"?>
<testsuite name="SampleTest" tests="1" skipped="0" failures="1" errors="0" timestamp="2021-03-18T12:23:57" hostname="192-168-1-169.tpgi.com.au" time="0.338">
  <properties/>
  <testcase name="should return 200 for list of users" classname="SampleTest" time="0.338">
    <failure message="javax.net.ssl.SSLPeerUnverifiedException: peer not authenticated" type="javax.net.ssl.SSLPeerUnverifiedException">javax.net.ssl.SSLPeerUnverifiedException: peer not authenticated
	at sun.security.ssl.SSLSessionImpl.getPeerCertificates(SSLSessionImpl.java:431)
	at org.apache.http.conn.ssl.AbstractVerifier.verify(AbstractVerifier.java:128)
	at org.apache.http.conn.ssl.SSLSocketFactory.connectSocket(SSLSocketFactory.java:572)
	at org.apache.http.impl.conn.DefaultClientConnectionOperator.openConnection(DefaultClientConnectionOperator.java:180)
	at org.apache.http.impl.conn.ManagedClientConnectionImpl.open(ManagedClientConnectionImpl.java:294)
	at org.apache.http.impl.client.DefaultRequestDirector.tryConnect(DefaultRequestDirector.java:640)
	at org.apache.http.impl.client.DefaultRequestDirector.execute(DefaultRequestDirector.java:479)
	at org.apache.http.impl.client.AbstractHttpClient.execute(AbstractHttpClient.java:906)
	at org.apache.http.impl.client.AbstractHttpClient.execute(AbstractHttpClient.java:1066)
	at org.apache.http.impl.client.AbstractHttpClient.execute(AbstractHttpClient.java:1044)
	at groovyx.net.http.HTTPBuilder.doRequest(HTTPBuilder.java:515)
	at groovyx.net.http.RESTClient.get(RESTClient.java:119)
	at SampleTest.should return 200 for list of users(SampleTest.groovy:14)
</failure>
  </testcase>
  <system-out><![CDATA[]]></system-out>
  <system-err><![CDATA[]]></system-err>
</testsuite>
