<?xml version="1.0" encoding="UTF-8"?>
<testsuite name="SampleTest" tests="1" skipped="0" failures="0" errors="0" timestamp="2021-03-18T11:51:01" hostname="192-168-1-169.tpgi.com.au" time="0.067">
  <properties/>
  <testcase name="this is a sample spock test" classname="SampleTest" time="0.067"/>
  <system-out><![CDATA[]]></system-out>
  <system-err><![CDATA[]]></system-err>
</testsuite>
